{"contracts/abstract/Achievement.sol":{"l":{"59":12,"60":12,"61":12,"62":12,"63":12,"67":353,"73":0,"74":0,"78":0,"79":0,"80":0,"81":0,"82":0,"86":0,"94":42,"95":42,"97":42,"98":42,"99":42,"101":42,"106":288,"107":288,"108":280,"110":8,"114":8,"115":4,"116":4,"117":8,"119":4,"124":4,"125":4,"129":8,"133":6,"138":6,"141":8,"145":0,"149":42,"155":53,"156":0,"157":0,"160":53,"161":0,"162":0,"166":53,"168":53,"169":53,"174":352,"183":20,"184":20,"186":20,"191":67,"192":178,"196":20},"path":"/Users/quanyan-y/Documents/ethereum/followme/contracts/abstract/Achievement.sol","s":{"1":353,"2":0,"3":0,"4":0,"5":0,"6":42,"7":42,"8":42,"9":42,"10":42,"11":288,"12":288,"13":8,"14":4,"15":4,"16":8,"17":8,"18":53,"19":0,"20":53,"21":53,"22":53,"23":20,"24":20,"25":67,"26":20},"b":{"1":[12,0],"2":[280,8],"3":[4,4],"4":[6,2],"5":[0,8],"6":[0,53],"7":[0,53],"8":[20,0]},"f":{"1":12,"2":353,"3":0,"4":42,"5":53,"6":20,"7":0},"fnMap":{"1":{"name":"__Achievement_init","line":58,"loc":{"start":{"line":52,"column":4},"end":{"line":64,"column":4}}},"2":{"name":"levelOf","line":66,"loc":{"start":{"line":66,"column":4},"end":{"line":68,"column":4}}},"3":{"name":"childrenAchievementsOf","line":70,"loc":{"start":{"line":70,"column":4},"end":{"line":87,"column":4}}},"4":{"name":"distrubutionsForefathers","line":89,"loc":{"start":{"line":89,"column":4},"end":{"line":152,"column":4}}},"5":{"name":"_increase","line":154,"loc":{"start":{"line":154,"column":4},"end":{"line":176,"column":4}}},"6":{"name":"_upgradeToLevel","line":178,"loc":{"start":{"line":178,"column":4},"end":{"line":197,"column":4}}},"7":{"name":"whenLevelUpgraded","line":199,"loc":{"start":{"line":199,"column":4},"end":{"line":203,"column":24}}}},"statementMap":{"1":{"start":{"line":67,"column":8},"end":{"line":67,"column":38}},"2":{"start":{"line":73,"column":8},"end":{"line":73,"column":65}},"3":{"start":{"line":74,"column":8},"end":{"line":74,"column":2015}},"4":{"start":{"line":78,"column":8},"end":{"line":78,"column":2129}},"5":{"start":{"line":86,"column":8},"end":{"line":86,"column":23}},"6":{"start":{"line":94,"column":8},"end":{"line":94,"column":60}},"7":{"start":{"line":97,"column":8},"end":{"line":97,"column":25}},"8":{"start":{"line":98,"column":8},"end":{"line":98,"column":29}},"9":{"start":{"line":99,"column":8},"end":{"line":99,"column":24}},"10":{"start":{"line":101,"column":8},"end":{"line":101,"column":2919}},"11":{"start":{"line":106,"column":12},"end":{"line":106,"column":38}},"12":{"start":{"line":107,"column":12},"end":{"line":107,"column":3201}},"13":{"start":{"line":114,"column":12},"end":{"line":114,"column":3348}},"14":{"start":{"line":115,"column":16},"end":{"line":115,"column":31}},"15":{"start":{"line":116,"column":16},"end":{"line":116,"column":3429}},"16":{"start":{"line":129,"column":12},"end":{"line":129,"column":3908}},"17":{"start":{"line":141,"column":12},"end":{"line":141,"column":4338}},"18":{"start":{"line":155,"column":8},"end":{"line":155,"column":4676}},"19":{"start":{"line":157,"column":12},"end":{"line":157,"column":18}},"20":{"start":{"line":160,"column":8},"end":{"line":160,"column":4813}},"21":{"start":{"line":168,"column":8},"end":{"line":168,"column":52}},"22":{"start":{"line":169,"column":8},"end":{"line":169,"column":5081}},"23":{"start":{"line":183,"column":8},"end":{"line":183,"column":53}},"24":{"start":{"line":186,"column":8},"end":{"line":186,"column":5597}},"25":{"start":{"line":191,"column":12},"end":{"line":191,"column":5808}},"26":{"start":{"line":196,"column":8},"end":{"line":196,"column":50}}},"branchMap":{"1":{"line":58,"type":"if","locations":[{"start":{"line":58,"column":15},"end":{"line":58,"column":15}},{"start":{"line":58,"column":15},"end":{"line":58,"column":15}}]},"2":{"line":107,"type":"if","locations":[{"start":{"line":107,"column":12},"end":{"line":107,"column":12}},{"start":{"line":107,"column":12},"end":{"line":107,"column":12}}]},"3":{"line":114,"type":"if","locations":[{"start":{"line":114,"column":12},"end":{"line":114,"column":12}},{"start":{"line":114,"column":12},"end":{"line":114,"column":12}}]},"4":{"line":129,"type":"if","locations":[{"start":{"line":129,"column":12},"end":{"line":129,"column":12}},{"start":{"line":129,"column":12},"end":{"line":129,"column":12}}]},"5":{"line":141,"type":"if","locations":[{"start":{"line":141,"column":12},"end":{"line":141,"column":12}},{"start":{"line":141,"column":12},"end":{"line":141,"column":12}}]},"6":{"line":155,"type":"if","locations":[{"start":{"line":155,"column":8},"end":{"line":155,"column":8}},{"start":{"line":155,"column":8},"end":{"line":155,"column":8}}]},"7":{"line":160,"type":"if","locations":[{"start":{"line":160,"column":8},"end":{"line":160,"column":8}},{"start":{"line":160,"column":8},"end":{"line":160,"column":8}}]},"8":{"line":183,"type":"if","locations":[{"start":{"line":183,"column":8},"end":{"line":183,"column":8}},{"start":{"line":183,"column":8},"end":{"line":183,"column":8}}]}}},"contracts/abstract/PermissionControl.sol":{"l":{"11":162,"12":162,"13":162},"path":"/Users/quanyan-y/Documents/ethereum/followme/contracts/abstract/PermissionControl.sol","s":{"1":162,"2":162,"3":162},"b":{"1":[162,0]},"f":{"1":162},"fnMap":{"1":{"name":"__PermissionControl_init","line":10,"loc":{"start":{"line":10,"column":4},"end":{"line":14,"column":4}}}},"statementMap":{"1":{"start":{"line":11,"column":8},"end":{"line":11,"column":29}},"2":{"start":{"line":12,"column":8},"end":{"line":12,"column":51}},"3":{"start":{"line":13,"column":8},"end":{"line":13,"column":45}}},"branchMap":{"1":{"line":10,"type":"if","locations":[{"start":{"line":10,"column":49},"end":{"line":10,"column":49}},{"start":{"line":10,"column":49},"end":{"line":10,"column":49}}]}}},"contracts/abstract/TranferEthWithCard.sol":{"l":{"12":60,"16":15,"17":15},"path":"/Users/quanyan-y/Documents/ethereum/followme/contracts/abstract/TranferEthWithCard.sol","s":{"1":15,"2":15},"b":{"1":[60,0]},"f":{"1":60,"2":15},"fnMap":{"1":{"name":"__TranferEthOfCard_init","line":11,"loc":{"start":{"line":11,"column":4},"end":{"line":13,"column":4}}},"2":{"name":"tranferEthTo","line":15,"loc":{"start":{"line":15,"column":4},"end":{"line":18,"column":4}}}},"statementMap":{"1":{"start":{"line":16,"column":8},"end":{"line":16,"column":57}},"2":{"start":{"line":17,"column":8},"end":{"line":17,"column":38}}},"branchMap":{"1":{"line":11,"type":"if","locations":[{"start":{"line":11,"column":61},"end":{"line":11,"column":61}},{"start":{"line":11,"column":61},"end":{"line":11,"column":61}}]}}},"contracts/CardNFT.sol":{"l":{"32":39,"33":39,"34":39,"35":39,"39":134,"43":127,"44":127,"45":127,"49":127,"50":127,"51":127,"52":127,"58":1,"66":130,"72":1,"83":0,"98":0,"102":0},"path":"/Users/quanyan-y/Documents/ethereum/followme/contracts/CardNFT.sol","s":{"1":39,"2":39,"3":134,"4":127,"5":127,"6":127,"7":127,"8":127,"9":127,"10":130,"11":1,"12":0,"13":0,"14":0},"b":{"1":[39,1],"2":[126,1],"3":[1,1]},"f":{"1":39,"2":134,"3":127,"4":1,"5":130,"6":1,"7":0,"8":0,"9":0},"fnMap":{"1":{"name":"initialize","line":31,"loc":{"start":{"line":27,"column":4},"end":{"line":36,"column":4}}},"2":{"name":"ownerOfAddr","line":38,"loc":{"start":{"line":38,"column":4},"end":{"line":40,"column":4}}},"3":{"name":"safeMint","line":42,"loc":{"start":{"line":42,"column":4},"end":{"line":53,"column":4}}},"4":{"name":"setBaseUrl","line":57,"loc":{"start":{"line":55,"column":4},"end":{"line":59,"column":4}}},"5":{"name":"_beforeTokenTransfer","line":61,"loc":{"start":{"line":61,"column":4},"end":{"line":67,"column":4}}},"6":{"name":"_burn","line":69,"loc":{"start":{"line":69,"column":4},"end":{"line":73,"column":4}}},"7":{"name":"tokenURI","line":75,"loc":{"start":{"line":75,"column":4},"end":{"line":84,"column":4}}},"8":{"name":"supportsInterface","line":86,"loc":{"start":{"line":86,"column":4},"end":{"line":99,"column":4}}},"9":{"name":"_baseURI","line":101,"loc":{"start":{"line":101,"column":4},"end":{"line":103,"column":4}}}},"statementMap":{"1":{"start":{"line":32,"column":8},"end":{"line":32,"column":33}},"2":{"start":{"line":33,"column":8},"end":{"line":33,"column":36}},"3":{"start":{"line":39,"column":8},"end":{"line":39,"column":50}},"4":{"start":{"line":43,"column":8},"end":{"line":43,"column":40}},"5":{"start":{"line":44,"column":8},"end":{"line":44,"column":29}},"6":{"start":{"line":45,"column":8},"end":{"line":45,"column":1685}},"7":{"start":{"line":49,"column":8},"end":{"line":49,"column":22}},"8":{"start":{"line":50,"column":8},"end":{"line":50,"column":41}},"9":{"start":{"line":52,"column":8},"end":{"line":52,"column":40}},"10":{"start":{"line":66,"column":8},"end":{"line":66,"column":52}},"11":{"start":{"line":72,"column":8},"end":{"line":72,"column":27}},"12":{"start":{"line":83,"column":8},"end":{"line":83,"column":38}},"13":{"start":{"line":98,"column":8},"end":{"line":98,"column":51}},"14":{"start":{"line":102,"column":8},"end":{"line":102,"column":22}}},"branchMap":{"1":{"line":31,"type":"if","locations":[{"start":{"line":31,"column":15},"end":{"line":31,"column":15}},{"start":{"line":31,"column":15},"end":{"line":31,"column":15}}]},"2":{"line":51,"type":"if","locations":[{"start":{"line":51,"column":36},"end":{"line":51,"column":38}},{"start":{"line":51,"column":42},"end":{"line":51,"column":42}}]},"3":{"line":57,"type":"if","locations":[{"start":{"line":57,"column":15},"end":{"line":57,"column":15}},{"start":{"line":57,"column":15},"end":{"line":57,"column":15}}]}}},"contracts/Family.sol":{"l":{"30":12,"31":12,"32":12,"33":12,"35":12,"36":12,"37":12,"53":0,"54":0,"59":0,"62":0,"69":0,"78":26,"79":26,"80":0,"83":26,"87":26,"91":26,"92":26,"95":26,"98":26,"101":26,"104":26},"path":"/Users/quanyan-y/Documents/ethereum/followme/contracts/Family.sol","s":{"1":12,"2":12,"3":12,"4":0,"5":0,"6":0,"7":0,"8":26,"9":26,"10":26,"11":26,"12":26,"13":26,"14":26},"b":{"1":[12,0],"2":[12,0],"3":[0,26],"4":[26,0],"5":[26,0],"6":[26,0]},"f":{"1":12,"2":0,"3":0,"4":26,"5":26},"fnMap":{"1":{"name":"initialize","line":29,"loc":{"start":{"line":26,"column":4},"end":{"line":38,"column":4}}},"2":{"name":"getForefathers","line":49,"loc":{"start":{"line":49,"column":4},"end":{"line":63,"column":4}}},"3":{"name":"childrenOf","line":66,"loc":{"start":{"line":66,"column":4},"end":{"line":70,"column":4}}},"4":{"name":"makeRelation","line":77,"loc":{"start":{"line":77,"column":4},"end":{"line":88,"column":4}}},"5":{"name":"_makeRelationFrom","line":90,"loc":{"start":{"line":90,"column":4},"end":{"line":105,"column":4}}}},"statementMap":{"1":{"start":{"line":30,"column":8},"end":{"line":30,"column":33}},"2":{"start":{"line":31,"column":8},"end":{"line":31,"column":66}},"3":{"start":{"line":37,"column":8},"end":{"line":37,"column":53}},"4":{"start":{"line":53,"column":8},"end":{"line":53,"column":59}},"5":{"start":{"line":54,"column":8},"end":{"line":54,"column":1340}},"6":{"start":{"line":62,"column":8},"end":{"line":62,"column":26}},"7":{"start":{"line":69,"column":8},"end":{"line":69,"column":38}},"8":{"start":{"line":78,"column":8},"end":{"line":78,"column":36}},"9":{"start":{"line":79,"column":8},"end":{"line":79,"column":2025}},"10":{"start":{"line":83,"column":8},"end":{"line":83,"column":2133}},"11":{"start":{"line":87,"column":8},"end":{"line":87,"column":51}},"12":{"start":{"line":91,"column":8},"end":{"line":91,"column":53}},"13":{"start":{"line":92,"column":8},"end":{"line":92,"column":52}},"14":{"start":{"line":104,"column":8},"end":{"line":104,"column":43}}},"branchMap":{"1":{"line":29,"type":"if","locations":[{"start":{"line":29,"column":13},"end":{"line":29,"column":13}},{"start":{"line":29,"column":13},"end":{"line":29,"column":13}}]},"2":{"line":31,"type":"if","locations":[{"start":{"line":31,"column":8},"end":{"line":31,"column":8}},{"start":{"line":31,"column":8},"end":{"line":31,"column":8}}]},"3":{"line":79,"type":"if","locations":[{"start":{"line":79,"column":8},"end":{"line":79,"column":8}},{"start":{"line":79,"column":8},"end":{"line":79,"column":8}}]},"4":{"line":83,"type":"if","locations":[{"start":{"line":83,"column":8},"end":{"line":83,"column":8}},{"start":{"line":83,"column":8},"end":{"line":83,"column":8}}]},"5":{"line":91,"type":"if","locations":[{"start":{"line":91,"column":8},"end":{"line":91,"column":8}},{"start":{"line":91,"column":8},"end":{"line":91,"column":8}}]},"6":{"line":92,"type":"if","locations":[{"start":{"line":92,"column":8},"end":{"line":92,"column":8}},{"start":{"line":92,"column":8},"end":{"line":92,"column":8}}]}}},"contracts/FOLToken.sol":{"l":{"26":39,"28":39,"29":39,"30":39,"31":39,"35":3,"36":2,"40":3,"41":1,"45":2,"46":1,"50":2,"51":1,"55":4,"56":3,"60":3,"61":2,"65":4,"66":3,"67":3,"71":4,"72":3,"73":3,"77":4,"78":3,"79":3,"83":4,"84":3,"85":3,"89":3,"90":2,"102":91,"104":89,"105":64,"106":13,"107":13,"108":13,"110":13,"111":13,"112":13,"116":89},"path":"/Users/quanyan-y/Documents/ethereum/followme/contracts/FOLToken.sol","s":{"1":39,"2":3,"3":3,"4":2,"5":2,"6":4,"7":3,"8":4,"9":3,"10":4,"11":3,"12":4,"13":3,"14":4,"15":3,"16":3,"17":2,"18":91,"19":89,"20":64,"21":13,"22":13,"23":51,"24":13,"25":13,"26":89},"b":{"1":[3,1],"2":[2,1],"3":[3,1],"4":[1,2],"5":[2,1],"6":[1,1],"7":[2,1],"8":[1,1],"9":[4,1],"10":[3,1],"11":[3,1],"12":[2,1],"13":[4,1],"14":[3,1],"15":[4,1],"16":[3,1],"17":[4,1],"18":[3,1],"19":[4,1],"20":[3,1],"21":[2,1],"22":[1,1],"23":[89,2],"24":[64,25],"25":[13,51],"26":[13,38]},"f":{"1":39,"2":3,"3":3,"4":2,"5":2,"6":4,"7":3,"8":4,"9":4,"10":4,"11":4,"12":3,"13":91},"fnMap":{"1":{"name":"constructor","line":25,"loc":{"start":{"line":25,"column":4},"end":{"line":32,"column":4}}},"2":{"name":"addPair","line":34,"loc":{"start":{"line":34,"column":4},"end":{"line":37,"column":4}}},"3":{"name":"removePair","line":39,"loc":{"start":{"line":39,"column":4},"end":{"line":42,"column":4}}},"4":{"name":"setSellFee","line":44,"loc":{"start":{"line":44,"column":4},"end":{"line":47,"column":4}}},"5":{"name":"setBuyFee","line":49,"loc":{"start":{"line":49,"column":4},"end":{"line":52,"column":4}}},"6":{"name":"setBuyPreAddress","line":54,"loc":{"start":{"line":54,"column":4},"end":{"line":57,"column":4}}},"7":{"name":"setSellPreAddress","line":59,"loc":{"start":{"line":59,"column":4},"end":{"line":62,"column":4}}},"8":{"name":"addGuarded","line":64,"loc":{"start":{"line":64,"column":4},"end":{"line":68,"column":4}}},"9":{"name":"removeGuarded","line":70,"loc":{"start":{"line":70,"column":4},"end":{"line":74,"column":4}}},"10":{"name":"addBlocked","line":76,"loc":{"start":{"line":76,"column":4},"end":{"line":80,"column":4}}},"11":{"name":"removeBlocked","line":82,"loc":{"start":{"line":82,"column":4},"end":{"line":86,"column":4}}},"12":{"name":"clim","line":88,"loc":{"start":{"line":88,"column":4},"end":{"line":95,"column":4}}},"13":{"name":"_transfer","line":97,"loc":{"start":{"line":97,"column":4},"end":{"line":117,"column":4}}}},"statementMap":{"1":{"start":{"line":26,"column":8},"end":{"line":26,"column":43}},"2":{"start":{"line":35,"column":8},"end":{"line":35,"column":55}},"3":{"start":{"line":40,"column":8},"end":{"line":40,"column":50}},"4":{"start":{"line":45,"column":8},"end":{"line":45,"column":57}},"5":{"start":{"line":50,"column":8},"end":{"line":50,"column":55}},"6":{"start":{"line":55,"column":8},"end":{"line":55,"column":56}},"7":{"start":{"line":60,"column":8},"end":{"line":60,"column":57}},"8":{"start":{"line":65,"column":8},"end":{"line":65,"column":62}},"9":{"start":{"line":67,"column":8},"end":{"line":67,"column":52}},"10":{"start":{"line":71,"column":8},"end":{"line":71,"column":57}},"11":{"start":{"line":73,"column":8},"end":{"line":73,"column":53}},"12":{"start":{"line":77,"column":8},"end":{"line":77,"column":62}},"13":{"start":{"line":79,"column":8},"end":{"line":79,"column":52}},"14":{"start":{"line":83,"column":8},"end":{"line":83,"column":57}},"15":{"start":{"line":85,"column":8},"end":{"line":85,"column":53}},"16":{"start":{"line":89,"column":8},"end":{"line":89,"column":2874}},"17":{"start":{"line":90,"column":12},"end":{"line":90,"column":2957}},"18":{"start":{"line":102,"column":8},"end":{"line":102,"column":66}},"19":{"start":{"line":104,"column":8},"end":{"line":104,"column":3280}},"20":{"start":{"line":105,"column":12},"end":{"line":105,"column":3342}},"21":{"start":{"line":106,"column":16},"end":{"line":106,"column":63}},"22":{"start":{"line":107,"column":16},"end":{"line":107,"column":65}},"23":{"start":{"line":109,"column":19},"end":{"line":109,"column":3571}},"24":{"start":{"line":110,"column":16},"end":{"line":110,"column":65}},"25":{"start":{"line":111,"column":16},"end":{"line":111,"column":67}},"26":{"start":{"line":116,"column":8},"end":{"line":116,"column":40}}},"branchMap":{"1":{"line":34,"type":"if","locations":[{"start":{"line":34,"column":45},"end":{"line":34,"column":45}},{"start":{"line":34,"column":45},"end":{"line":34,"column":45}}]},"2":{"line":35,"type":"if","locations":[{"start":{"line":35,"column":8},"end":{"line":35,"column":8}},{"start":{"line":35,"column":8},"end":{"line":35,"column":8}}]},"3":{"line":39,"type":"if","locations":[{"start":{"line":39,"column":48},"end":{"line":39,"column":48}},{"start":{"line":39,"column":48},"end":{"line":39,"column":48}}]},"4":{"line":40,"type":"if","locations":[{"start":{"line":40,"column":8},"end":{"line":40,"column":8}},{"start":{"line":40,"column":8},"end":{"line":40,"column":8}}]},"5":{"line":44,"type":"if","locations":[{"start":{"line":44,"column":51},"end":{"line":44,"column":51}},{"start":{"line":44,"column":51},"end":{"line":44,"column":51}}]},"6":{"line":45,"type":"if","locations":[{"start":{"line":45,"column":8},"end":{"line":45,"column":8}},{"start":{"line":45,"column":8},"end":{"line":45,"column":8}}]},"7":{"line":49,"type":"if","locations":[{"start":{"line":49,"column":49},"end":{"line":49,"column":49}},{"start":{"line":49,"column":49},"end":{"line":49,"column":49}}]},"8":{"line":50,"type":"if","locations":[{"start":{"line":50,"column":8},"end":{"line":50,"column":8}},{"start":{"line":50,"column":8},"end":{"line":50,"column":8}}]},"9":{"line":54,"type":"if","locations":[{"start":{"line":54,"column":63},"end":{"line":54,"column":63}},{"start":{"line":54,"column":63},"end":{"line":54,"column":63}}]},"10":{"line":55,"type":"if","locations":[{"start":{"line":55,"column":8},"end":{"line":55,"column":8}},{"start":{"line":55,"column":8},"end":{"line":55,"column":8}}]},"11":{"line":59,"type":"if","locations":[{"start":{"line":59,"column":65},"end":{"line":59,"column":65}},{"start":{"line":59,"column":65},"end":{"line":59,"column":65}}]},"12":{"line":60,"type":"if","locations":[{"start":{"line":60,"column":8},"end":{"line":60,"column":8}},{"start":{"line":60,"column":8},"end":{"line":60,"column":8}}]},"13":{"line":64,"type":"if","locations":[{"start":{"line":64,"column":50},"end":{"line":64,"column":50}},{"start":{"line":64,"column":50},"end":{"line":64,"column":50}}]},"14":{"line":65,"type":"if","locations":[{"start":{"line":65,"column":8},"end":{"line":65,"column":8}},{"start":{"line":65,"column":8},"end":{"line":65,"column":8}}]},"15":{"line":70,"type":"if","locations":[{"start":{"line":70,"column":53},"end":{"line":70,"column":53}},{"start":{"line":70,"column":53},"end":{"line":70,"column":53}}]},"16":{"line":71,"type":"if","locations":[{"start":{"line":71,"column":8},"end":{"line":71,"column":8}},{"start":{"line":71,"column":8},"end":{"line":71,"column":8}}]},"17":{"line":76,"type":"if","locations":[{"start":{"line":76,"column":50},"end":{"line":76,"column":50}},{"start":{"line":76,"column":50},"end":{"line":76,"column":50}}]},"18":{"line":77,"type":"if","locations":[{"start":{"line":77,"column":8},"end":{"line":77,"column":8}},{"start":{"line":77,"column":8},"end":{"line":77,"column":8}}]},"19":{"line":82,"type":"if","locations":[{"start":{"line":82,"column":53},"end":{"line":82,"column":53}},{"start":{"line":82,"column":53},"end":{"line":82,"column":53}}]},"20":{"line":83,"type":"if","locations":[{"start":{"line":83,"column":8},"end":{"line":83,"column":8}},{"start":{"line":83,"column":8},"end":{"line":83,"column":8}}]},"21":{"line":89,"type":"if","locations":[{"start":{"line":89,"column":8},"end":{"line":89,"column":8}},{"start":{"line":89,"column":8},"end":{"line":89,"column":8}}]},"22":{"line":89,"type":"cond-expr","locations":[{"start":{"line":89,"column":12},"end":{"line":89,"column":38}},{"start":{"line":89,"column":43},"end":{"line":89,"column":70}}]},"23":{"line":102,"type":"if","locations":[{"start":{"line":102,"column":8},"end":{"line":102,"column":8}},{"start":{"line":102,"column":8},"end":{"line":102,"column":8}}]},"24":{"line":104,"type":"if","locations":[{"start":{"line":104,"column":8},"end":{"line":104,"column":8}},{"start":{"line":104,"column":8},"end":{"line":104,"column":8}}]},"25":{"line":105,"type":"if","locations":[{"start":{"line":105,"column":12},"end":{"line":105,"column":12}},{"start":{"line":105,"column":12},"end":{"line":105,"column":12}}]},"26":{"line":109,"type":"if","locations":[{"start":{"line":109,"column":19},"end":{"line":109,"column":19}},{"start":{"line":109,"column":19},"end":{"line":109,"column":19}}]}}},"contracts/Fomo.sol":{"l":{"44":9,"45":9,"46":9,"47":9,"48":9,"49":9,"53":1,"61":48,"63":48,"64":46,"67":46,"73":3,"74":2,"80":5,"81":4,"82":4,"84":3,"85":3,"86":3,"87":3,"89":3,"90":2,"92":2,"126":2,"127":2,"128":1,"131":2},"path":"/Users/quanyan-y/Documents/ethereum/followme/contracts/Fomo.sol","s":{"1":9,"2":9,"3":9,"4":1,"5":48,"6":46,"7":3,"8":5,"9":4,"10":4,"11":3,"12":3,"13":3,"14":3,"15":3,"16":2,"17":2,"18":2,"19":1,"20":2},"b":{"1":[9,1],"2":[48,1],"3":[46,2],"4":[3,1],"5":[2,1],"6":[6,0],"7":[5,1],"8":[4,1],"9":[3,1],"10":[2,1],"11":[1,1]},"f":{"1":9,"2":1,"3":48,"4":3,"5":5},"fnMap":{"1":{"name":"initialize","line":43,"loc":{"start":{"line":39,"column":4},"end":{"line":50,"column":4}}},"2":{"name":"investHistoryLen","line":52,"loc":{"start":{"line":52,"column":4},"end":{"line":54,"column":4}}},"3":{"name":"depositedDelegate","line":60,"loc":{"start":{"line":56,"column":4},"end":{"line":70,"column":4}}},"4":{"name":"restartTick","line":72,"loc":{"start":{"line":72,"column":4},"end":{"line":75,"column":4}}},"5":{"name":"distrubtionPool","line":79,"loc":{"start":{"line":79,"column":4},"end":{"line":132,"column":4}}}},"statementMap":{"1":{"start":{"line":44,"column":8},"end":{"line":44,"column":33}},"2":{"start":{"line":45,"column":8},"end":{"line":45,"column":31}},"3":{"start":{"line":46,"column":8},"end":{"line":46,"column":37}},"4":{"start":{"line":53,"column":8},"end":{"line":53,"column":37}},"5":{"start":{"line":63,"column":8},"end":{"line":63,"column":62}},"6":{"start":{"line":67,"column":8},"end":{"line":67,"column":2150}},"7":{"start":{"line":73,"column":8},"end":{"line":73,"column":64}},"8":{"start":{"line":80,"column":8},"end":{"line":80,"column":60}},"9":{"start":{"line":81,"column":8},"end":{"line":81,"column":51}},"10":{"start":{"line":82,"column":8},"end":{"line":82,"column":54}},"11":{"start":{"line":84,"column":8},"end":{"line":84,"column":66}},"12":{"start":{"line":85,"column":8},"end":{"line":85,"column":46}},"13":{"start":{"line":86,"column":8},"end":{"line":86,"column":38}},"14":{"start":{"line":87,"column":8},"end":{"line":87,"column":23}},"15":{"start":{"line":89,"column":8},"end":{"line":89,"column":44}},"16":{"start":{"line":90,"column":8},"end":{"line":90,"column":63}},"17":{"start":{"line":126,"column":8},"end":{"line":126,"column":56}},"18":{"start":{"line":127,"column":8},"end":{"line":127,"column":4126}},"19":{"start":{"line":128,"column":12},"end":{"line":128,"column":68}},"20":{"start":{"line":131,"column":8},"end":{"line":131,"column":79}}},"branchMap":{"1":{"line":43,"type":"if","locations":[{"start":{"line":43,"column":13},"end":{"line":43,"column":13}},{"start":{"line":43,"column":13},"end":{"line":43,"column":13}}]},"2":{"line":60,"type":"if","locations":[{"start":{"line":60,"column":24},"end":{"line":60,"column":24}},{"start":{"line":60,"column":24},"end":{"line":60,"column":24}}]},"3":{"line":63,"type":"if","locations":[{"start":{"line":63,"column":8},"end":{"line":63,"column":8}},{"start":{"line":63,"column":8},"end":{"line":63,"column":8}}]},"4":{"line":72,"type":"if","locations":[{"start":{"line":72,"column":36},"end":{"line":72,"column":36}},{"start":{"line":72,"column":36},"end":{"line":72,"column":36}}]},"5":{"line":73,"type":"if","locations":[{"start":{"line":73,"column":8},"end":{"line":73,"column":8}},{"start":{"line":73,"column":8},"end":{"line":73,"column":8}}]},"6":{"line":79,"type":"if","locations":[{"start":{"line":79,"column":40},"end":{"line":79,"column":40}},{"start":{"line":79,"column":40},"end":{"line":79,"column":40}}]},"7":{"line":79,"type":"if","locations":[{"start":{"line":79,"column":53},"end":{"line":79,"column":53}},{"start":{"line":79,"column":53},"end":{"line":79,"column":53}}]},"8":{"line":80,"type":"if","locations":[{"start":{"line":80,"column":8},"end":{"line":80,"column":8}},{"start":{"line":80,"column":8},"end":{"line":80,"column":8}}]},"9":{"line":82,"type":"if","locations":[{"start":{"line":82,"column":8},"end":{"line":82,"column":8}},{"start":{"line":82,"column":8},"end":{"line":82,"column":8}}]},"10":{"line":89,"type":"if","locations":[{"start":{"line":89,"column":8},"end":{"line":89,"column":8}},{"start":{"line":89,"column":8},"end":{"line":89,"column":8}}]},"11":{"line":127,"type":"if","locations":[{"start":{"line":127,"column":8},"end":{"line":127,"column":8}},{"start":{"line":127,"column":8},"end":{"line":127,"column":8}}]}}},"contracts/Home.sol":{"l":{"83":6,"84":6,"85":6,"87":6,"88":6,"89":6,"90":6,"91":6,"92":6,"93":6,"95":6,"96":6,"97":6,"98":6,"99":6,"100":6,"101":6,"103":6,"104":6,"105":6,"106":6,"107":6,"108":6,"110":6,"111":6,"112":6,"118":2,"119":1,"126":3,"127":2,"135":21,"136":21,"150":40,"151":40,"152":120,"153":120,"154":0,"157":40,"163":49,"164":49,"165":49,"166":49,"167":15,"169":34,"171":49,"172":6,"174":49,"178":49,"184":49,"188":47,"192":46,"193":46,"196":46,"197":46,"205":46,"208":46,"209":46,"211":46,"212":46,"213":46,"218":46,"220":46,"222":6,"225":40,"226":40,"228":40,"229":40,"233":40,"241":84,"242":21,"248":21,"253":40,"254":40,"257":40,"258":0,"263":0,"267":0,"281":40,"282":10,"284":7,"288":40,"289":40,"290":40,"291":40,"292":40,"293":40,"298":40,"299":40,"300":40,"301":40,"302":40,"303":40,"326":46,"330":21,"331":21,"335":3,"340":3,"342":3,"343":3,"344":3,"347":3,"352":3,"354":3,"355":3,"357":3,"358":3,"360":3,"364":0,"368":0},"path":"/Users/quanyan-y/Documents/ethereum/followme/contracts/Home.sol","s":{"1":6,"2":6,"3":6,"4":2,"5":3,"6":21,"7":21,"8":40,"9":40,"10":120,"11":0,"12":40,"13":49,"14":49,"15":49,"16":49,"17":49,"18":49,"19":49,"20":49,"21":47,"22":46,"23":46,"24":46,"25":46,"26":46,"27":46,"28":46,"29":46,"30":46,"31":46,"32":6,"33":40,"34":40,"35":40,"36":84,"37":40,"38":40,"39":0,"40":0,"41":40,"42":10,"43":30,"44":7,"45":40,"46":40,"47":40,"48":40,"49":40,"50":40,"51":40,"52":40,"53":46,"54":21,"55":21,"56":3,"57":3,"58":3,"59":3,"60":3,"61":3,"62":3,"63":3,"64":3,"65":3,"66":0,"67":0},"b":{"1":[6,1],"2":[2,1],"3":[1,1],"4":[3,1],"5":[2,1],"6":[21,0],"7":[0,120],"8":[15,34],"9":[6,43],"10":[47,2],"11":[46,1],"12":[46,0],"13":[46,0],"14":[6,40],"15":[21,63],"16":[0,0],"17":[10,30],"18":[7,23],"19":[40,0],"20":[40,0],"21":[3,0],"22":[3,0],"23":[3,0],"24":[0,0]},"f":{"1":6,"2":2,"3":3,"4":21,"5":40,"6":49,"7":49,"8":46,"9":21,"10":3,"11":0},"fnMap":{"1":{"name":"initialize","line":82,"loc":{"start":{"line":72,"column":4},"end":{"line":113,"column":4}}},"2":{"name":"setWithdrawFeeReceiptor","line":117,"loc":{"start":{"line":115,"column":4},"end":{"line":120,"column":4}}},"3":{"name":"setWithdrawFeeRatioAtLevel","line":125,"loc":{"start":{"line":122,"column":4},"end":{"line":128,"column":4}}},"4":{"name":"_rewardIncreasedHandle","line":130,"loc":{"start":{"line":130,"column":4},"end":{"line":144,"column":4}}},"5":{"name":"_getParentOfDeep","line":146,"loc":{"start":{"line":146,"column":4},"end":{"line":158,"column":4}}},"6":{"name":"getAmountParams","line":160,"loc":{"start":{"line":160,"column":4},"end":{"line":175,"column":4}}},"7":{"name":"deposit","line":177,"loc":{"start":{"line":177,"column":4},"end":{"line":198,"column":4}}},"8":{"name":"_deposit","line":200,"loc":{"start":{"line":200,"column":4},"end":{"line":327,"column":4}}},"9":{"name":"earned","line":329,"loc":{"start":{"line":329,"column":4},"end":{"line":332,"column":4}}},"10":{"name":"takeReward","line":334,"loc":{"start":{"line":334,"column":4},"end":{"line":361,"column":4}}},"11":{"name":"takeUnownedAssetBalance","line":363,"loc":{"start":{"line":363,"column":4},"end":{"line":372,"column":4}}}},"statementMap":{"1":{"start":{"line":83,"column":8},"end":{"line":83,"column":33}},"2":{"start":{"line":84,"column":8},"end":{"line":84,"column":31}},"3":{"start":{"line":85,"column":8},"end":{"line":85,"column":37}},"4":{"start":{"line":118,"column":8},"end":{"line":118,"column":65}},"5":{"start":{"line":126,"column":8},"end":{"line":126,"column":48}},"6":{"start":{"line":135,"column":8},"end":{"line":135,"column":4614}},"7":{"start":{"line":136,"column":12},"end":{"line":136,"column":4649}},"8":{"start":{"line":150,"column":8},"end":{"line":150,"column":32}},"9":{"start":{"line":151,"column":8},"end":{"line":151,"column":5002}},"10":{"start":{"line":153,"column":12},"end":{"line":153,"column":5098}},"11":{"start":{"line":154,"column":16},"end":{"line":154,"column":29}},"12":{"start":{"line":157,"column":8},"end":{"line":157,"column":21}},"13":{"start":{"line":163,"column":8},"end":{"line":163,"column":52}},"14":{"start":{"line":164,"column":8},"end":{"line":164,"column":60}},"15":{"start":{"line":165,"column":8},"end":{"line":165,"column":24}},"16":{"start":{"line":166,"column":8},"end":{"line":166,"column":5466}},"17":{"start":{"line":171,"column":8},"end":{"line":171,"column":5603}},"18":{"start":{"line":174,"column":8},"end":{"line":174,"column":48}},"19":{"start":{"line":178,"column":8},"end":{"line":178,"column":5824}},"20":{"start":{"line":184,"column":8},"end":{"line":184,"column":5935}},"21":{"start":{"line":188,"column":8},"end":{"line":188,"column":6054}},"22":{"start":{"line":192,"column":8},"end":{"line":192,"column":6174}},"23":{"start":{"line":193,"column":12},"end":{"line":193,"column":72}},"24":{"start":{"line":196,"column":8},"end":{"line":196,"column":70}},"25":{"start":{"line":197,"column":8},"end":{"line":197,"column":49}},"26":{"start":{"line":205,"column":8},"end":{"line":205,"column":44}},"27":{"start":{"line":208,"column":8},"end":{"line":208,"column":48}},"28":{"start":{"line":209,"column":8},"end":{"line":209,"column":57}},"29":{"start":{"line":211,"column":8},"end":{"line":211,"column":52}},"30":{"start":{"line":218,"column":8},"end":{"line":218,"column":35}},"31":{"start":{"line":220,"column":8},"end":{"line":220,"column":7069}},"32":{"start":{"line":222,"column":12},"end":{"line":222,"column":63}},"33":{"start":{"line":226,"column":16},"end":{"line":226,"column":7288}},"34":{"start":{"line":229,"column":16},"end":{"line":229,"column":71}},"35":{"start":{"line":233,"column":12},"end":{"line":233,"column":7543}},"36":{"start":{"line":241,"column":16},"end":{"line":241,"column":7883}},"37":{"start":{"line":254,"column":16},"end":{"line":254,"column":8395}},"38":{"start":{"line":257,"column":16},"end":{"line":257,"column":8493}},"39":{"start":{"line":258,"column":20},"end":{"line":258,"column":8584}},"40":{"start":{"line":263,"column":20},"end":{"line":263,"column":8758}},"41":{"start":{"line":281,"column":12},"end":{"line":281,"column":9532}},"42":{"start":{"line":282,"column":16},"end":{"line":282,"column":72}},"43":{"start":{"line":283,"column":19},"end":{"line":283,"column":9651}},"44":{"start":{"line":284,"column":16},"end":{"line":284,"column":48}},"45":{"start":{"line":289,"column":16},"end":{"line":289,"column":76}},"46":{"start":{"line":290,"column":16},"end":{"line":290,"column":9891}},"47":{"start":{"line":292,"column":20},"end":{"line":292,"column":75}},"48":{"start":{"line":293,"column":20},"end":{"line":293,"column":75}},"49":{"start":{"line":299,"column":16},"end":{"line":299,"column":76}},"50":{"start":{"line":300,"column":16},"end":{"line":300,"column":10293}},"51":{"start":{"line":302,"column":20},"end":{"line":302,"column":75}},"52":{"start":{"line":303,"column":20},"end":{"line":303,"column":10463}},"53":{"start":{"line":326,"column":8},"end":{"line":326,"column":57}},"54":{"start":{"line":330,"column":8},"end":{"line":330,"column":51}},"55":{"start":{"line":331,"column":8},"end":{"line":331,"column":33}},"56":{"start":{"line":335,"column":8},"end":{"line":335,"column":11485}},"57":{"start":{"line":340,"column":8},"end":{"line":340,"column":41}},"58":{"start":{"line":342,"column":8},"end":{"line":342,"column":56}},"59":{"start":{"line":347,"column":8},"end":{"line":347,"column":11809}},"60":{"start":{"line":352,"column":8},"end":{"line":352,"column":59}},"61":{"start":{"line":354,"column":8},"end":{"line":354,"column":43}},"62":{"start":{"line":355,"column":8},"end":{"line":355,"column":73}},"63":{"start":{"line":357,"column":8},"end":{"line":357,"column":55}},"64":{"start":{"line":358,"column":8},"end":{"line":358,"column":56}},"65":{"start":{"line":360,"column":8},"end":{"line":360,"column":61}},"66":{"start":{"line":364,"column":8},"end":{"line":364,"column":12354}},"67":{"start":{"line":368,"column":8},"end":{"line":368,"column":12476}}},"branchMap":{"1":{"line":82,"type":"if","locations":[{"start":{"line":82,"column":13},"end":{"line":82,"column":13}},{"start":{"line":82,"column":13},"end":{"line":82,"column":13}}]},"2":{"line":117,"type":"if","locations":[{"start":{"line":117,"column":15},"end":{"line":117,"column":15}},{"start":{"line":117,"column":15},"end":{"line":117,"column":15}}]},"3":{"line":118,"type":"if","locations":[{"start":{"line":118,"column":8},"end":{"line":118,"column":8}},{"start":{"line":118,"column":8},"end":{"line":118,"column":8}}]},"4":{"line":125,"type":"if","locations":[{"start":{"line":125,"column":15},"end":{"line":125,"column":15}},{"start":{"line":125,"column":15},"end":{"line":125,"column":15}}]},"5":{"line":126,"type":"if","locations":[{"start":{"line":126,"column":8},"end":{"line":126,"column":8}},{"start":{"line":126,"column":8},"end":{"line":126,"column":8}}]},"6":{"line":135,"type":"if","locations":[{"start":{"line":135,"column":8},"end":{"line":135,"column":8}},{"start":{"line":135,"column":8},"end":{"line":135,"column":8}}]},"7":{"line":153,"type":"if","locations":[{"start":{"line":153,"column":12},"end":{"line":153,"column":12}},{"start":{"line":153,"column":12},"end":{"line":153,"column":12}}]},"8":{"line":166,"type":"if","locations":[{"start":{"line":166,"column":8},"end":{"line":166,"column":8}},{"start":{"line":166,"column":8},"end":{"line":166,"column":8}}]},"9":{"line":171,"type":"if","locations":[{"start":{"line":171,"column":8},"end":{"line":171,"column":8}},{"start":{"line":171,"column":8},"end":{"line":171,"column":8}}]},"10":{"line":184,"type":"if","locations":[{"start":{"line":184,"column":8},"end":{"line":184,"column":8}},{"start":{"line":184,"column":8},"end":{"line":184,"column":8}}]},"11":{"line":188,"type":"if","locations":[{"start":{"line":188,"column":8},"end":{"line":188,"column":8}},{"start":{"line":188,"column":8},"end":{"line":188,"column":8}}]},"12":{"line":192,"type":"if","locations":[{"start":{"line":192,"column":8},"end":{"line":192,"column":8}},{"start":{"line":192,"column":8},"end":{"line":192,"column":8}}]},"13":{"line":193,"type":"if","locations":[{"start":{"line":193,"column":12},"end":{"line":193,"column":12}},{"start":{"line":193,"column":12},"end":{"line":193,"column":12}}]},"14":{"line":220,"type":"if","locations":[{"start":{"line":220,"column":8},"end":{"line":220,"column":8}},{"start":{"line":220,"column":8},"end":{"line":220,"column":8}}]},"15":{"line":241,"type":"if","locations":[{"start":{"line":241,"column":16},"end":{"line":241,"column":16}},{"start":{"line":241,"column":16},"end":{"line":241,"column":16}}]},"16":{"line":263,"type":"if","locations":[{"start":{"line":263,"column":20},"end":{"line":263,"column":20}},{"start":{"line":263,"column":20},"end":{"line":263,"column":20}}]},"17":{"line":281,"type":"if","locations":[{"start":{"line":281,"column":12},"end":{"line":281,"column":12}},{"start":{"line":281,"column":12},"end":{"line":281,"column":12}}]},"18":{"line":283,"type":"if","locations":[{"start":{"line":283,"column":19},"end":{"line":283,"column":19}},{"start":{"line":283,"column":19},"end":{"line":283,"column":19}}]},"19":{"line":290,"type":"if","locations":[{"start":{"line":290,"column":16},"end":{"line":290,"column":16}},{"start":{"line":290,"column":16},"end":{"line":290,"column":16}}]},"20":{"line":300,"type":"if","locations":[{"start":{"line":300,"column":16},"end":{"line":300,"column":16}},{"start":{"line":300,"column":16},"end":{"line":300,"column":16}}]},"21":{"line":334,"type":"if","locations":[{"start":{"line":334,"column":51},"end":{"line":334,"column":51}},{"start":{"line":334,"column":51},"end":{"line":334,"column":51}}]},"22":{"line":335,"type":"if","locations":[{"start":{"line":335,"column":8},"end":{"line":335,"column":8}},{"start":{"line":335,"column":8},"end":{"line":335,"column":8}}]},"23":{"line":347,"type":"if","locations":[{"start":{"line":347,"column":8},"end":{"line":347,"column":8}},{"start":{"line":347,"column":8},"end":{"line":347,"column":8}}]},"24":{"line":364,"type":"if","locations":[{"start":{"line":364,"column":8},"end":{"line":364,"column":8}},{"start":{"line":364,"column":8},"end":{"line":364,"column":8}}]}}},"contracts/interface/IAssetPool.sol":{"l":{},"path":"/Users/quanyan-y/Documents/ethereum/followme/contracts/interface/IAssetPool.sol","s":{},"b":{},"f":{},"fnMap":{},"statementMap":{},"branchMap":{}},"contracts/interface/ICard.sol":{"l":{},"path":"/Users/quanyan-y/Documents/ethereum/followme/contracts/interface/ICard.sol","s":{},"b":{},"f":{},"fnMap":{},"statementMap":{},"branchMap":{}},"contracts/interface/IFamily.sol":{"l":{},"path":"/Users/quanyan-y/Documents/ethereum/followme/contracts/interface/IFamily.sol","s":{},"b":{},"f":{},"fnMap":{},"statementMap":{},"branchMap":{}},"contracts/interface/ILevels.sol":{"l":{},"path":"/Users/quanyan-y/Documents/ethereum/followme/contracts/interface/ILevels.sol","s":{},"b":{},"f":{},"fnMap":{},"statementMap":{},"branchMap":{}},"contracts/interface/IMine.sol":{"l":{},"path":"/Users/quanyan-y/Documents/ethereum/followme/contracts/interface/IMine.sol","s":{},"b":{},"f":{},"fnMap":{},"statementMap":{},"branchMap":{}},"contracts/interface/INodes.sol":{"l":{},"path":"/Users/quanyan-y/Documents/ethereum/followme/contracts/interface/INodes.sol","s":{},"b":{},"f":{},"fnMap":{},"statementMap":{},"branchMap":{}},"contracts/interface/IPancakeFactory.sol":{"l":{},"path":"/Users/quanyan-y/Documents/ethereum/followme/contracts/interface/IPancakeFactory.sol","s":{},"b":{},"f":{},"fnMap":{},"statementMap":{},"branchMap":{}},"contracts/interface/IPancakePair.sol":{"l":{},"path":"/Users/quanyan-y/Documents/ethereum/followme/contracts/interface/IPancakePair.sol","s":{},"b":{},"f":{},"fnMap":{},"statementMap":{},"branchMap":{}},"contracts/interface/IPancakeRouter.sol":{"l":{},"path":"/Users/quanyan-y/Documents/ethereum/followme/contracts/interface/IPancakeRouter.sol","s":{},"b":{},"f":{},"fnMap":{},"statementMap":{},"branchMap":{}},"contracts/interface/IRandom.sol":{"l":{},"path":"/Users/quanyan-y/Documents/ethereum/followme/contracts/interface/IRandom.sol","s":{},"b":{},"f":{},"fnMap":{},"statementMap":{},"branchMap":{}},"contracts/interface/IWrappedCoin.sol":{"l":{},"path":"/Users/quanyan-y/Documents/ethereum/followme/contracts/interface/IWrappedCoin.sol","s":{},"b":{},"f":{},"fnMap":{},"statementMap":{},"branchMap":{}},"contracts/Levels.sol":{"l":{"32":12,"34":12,"35":12,"36":12,"37":12,"38":12,"39":12,"40":12,"41":12,"43":12,"44":12,"45":12,"46":12,"47":12,"48":12,"49":12,"50":12,"52":12,"53":12,"54":12,"55":12,"56":12,"57":12,"58":12,"59":12,"61":12,"69":12,"70":12,"71":12,"77":1,"83":1,"89":1,"93":5,"94":4,"98":4,"99":4,"106":20,"111":20,"112":20,"113":20,"116":20,"117":20,"118":25,"123":24,"124":156,"125":54,"130":19,"132":19,"133":14,"137":19,"138":6,"142":19,"143":4,"147":19,"148":2,"152":19,"153":0,"157":19,"158":0,"161":19,"162":16,"170":54,"171":54,"179":53,"187":20,"188":20,"189":2,"191":0},"path":"/Users/quanyan-y/Documents/ethereum/followme/contracts/Levels.sol","s":{"1":12,"2":12,"3":12,"4":12,"5":12,"6":5,"7":4,"8":4,"9":4,"10":20,"11":20,"12":20,"13":20,"14":25,"15":24,"16":156,"17":19,"18":19,"19":19,"20":19,"21":19,"22":19,"23":19,"24":19,"25":16,"26":54,"27":53,"28":20,"29":2,"30":18,"31":0},"b":{"1":[12,1],"2":[1,1],"3":[1,1],"4":[1,1],"5":[4,1],"6":[4,0],"7":[20,0],"8":[24,1],"9":[54,102],"10":[14,5],"11":[6,13],"12":[4,15],"13":[2,17],"14":[0,19],"15":[0,19],"16":[16,3],"17":[54,1],"18":[54,0],"19":[53,1],"20":[2,18],"21":[0,18]},"f":{"1":12,"2":1,"3":1,"4":1,"5":5,"6":20,"7":54,"8":53,"9":20},"fnMap":{"1":{"name":"initialize","line":31,"loc":{"start":{"line":26,"column":4},"end":{"line":72,"column":4}}},"2":{"name":"setLevelRewardRatios","line":76,"loc":{"start":{"line":74,"column":4},"end":{"line":78,"column":4}}},"3":{"name":"setLayerRewardRatios","line":82,"loc":{"start":{"line":80,"column":4},"end":{"line":84,"column":4}}},"4":{"name":"setLayerRewardDepths","line":88,"loc":{"start":{"line":86,"column":4},"end":{"line":90,"column":4}}},"5":{"name":"upgradeToLevel3","line":92,"loc":{"start":{"line":92,"column":4},"end":{"line":100,"column":4}}},"6":{"name":"levelUpgrade","line":102,"loc":{"start":{"line":102,"column":4},"end":{"line":164,"column":4}}},"7":{"name":"updateStartDelegate","line":169,"loc":{"start":{"line":166,"column":4},"end":{"line":173,"column":4}}},"8":{"name":"increaseDelegate","line":178,"loc":{"start":{"line":175,"column":4},"end":{"line":180,"column":4}}},"9":{"name":"whenLevelUpgraded","line":182,"loc":{"start":{"line":182,"column":4},"end":{"line":193,"column":4}}}},"statementMap":{"1":{"start":{"line":32,"column":8},"end":{"line":32,"column":33}},"2":{"start":{"line":34,"column":8},"end":{"line":34,"column":59}},"3":{"start":{"line":43,"column":8},"end":{"line":43,"column":59}},"4":{"start":{"line":52,"column":8},"end":{"line":52,"column":57}},"5":{"start":{"line":61,"column":8},"end":{"line":61,"column":2243}},"6":{"start":{"line":93,"column":8},"end":{"line":93,"column":57}},"7":{"start":{"line":94,"column":8},"end":{"line":94,"column":3147}},"8":{"start":{"line":98,"column":8},"end":{"line":98,"column":54}},"9":{"start":{"line":99,"column":8},"end":{"line":99,"column":58}},"10":{"start":{"line":106,"column":8},"end":{"line":106,"column":3537}},"11":{"start":{"line":111,"column":8},"end":{"line":111,"column":63}},"12":{"start":{"line":116,"column":8},"end":{"line":116,"column":77}},"13":{"start":{"line":117,"column":8},"end":{"line":117,"column":3920}},"14":{"start":{"line":118,"column":12},"end":{"line":118,"column":3987}},"15":{"start":{"line":123,"column":12},"end":{"line":123,"column":4121}},"16":{"start":{"line":124,"column":16},"end":{"line":124,"column":4200}},"17":{"start":{"line":130,"column":8},"end":{"line":130,"column":39}},"18":{"start":{"line":132,"column":8},"end":{"line":132,"column":4401}},"19":{"start":{"line":137,"column":8},"end":{"line":137,"column":4534}},"20":{"start":{"line":142,"column":8},"end":{"line":142,"column":4654}},"21":{"start":{"line":147,"column":8},"end":{"line":147,"column":4774}},"22":{"start":{"line":152,"column":8},"end":{"line":152,"column":4894}},"23":{"start":{"line":157,"column":8},"end":{"line":157,"column":5014}},"24":{"start":{"line":161,"column":8},"end":{"line":161,"column":5118}},"25":{"start":{"line":162,"column":12},"end":{"line":162,"column":53}},"26":{"start":{"line":170,"column":8},"end":{"line":170,"column":5353}},"27":{"start":{"line":179,"column":8},"end":{"line":179,"column":34}},"28":{"start":{"line":188,"column":8},"end":{"line":188,"column":5768}},"29":{"start":{"line":189,"column":12},"end":{"line":189,"column":52}},"30":{"start":{"line":190,"column":15},"end":{"line":190,"column":5858}},"31":{"start":{"line":191,"column":12},"end":{"line":191,"column":52}}},"branchMap":{"1":{"line":31,"type":"if","locations":[{"start":{"line":31,"column":13},"end":{"line":31,"column":13}},{"start":{"line":31,"column":13},"end":{"line":31,"column":13}}]},"2":{"line":76,"type":"if","locations":[{"start":{"line":76,"column":15},"end":{"line":76,"column":15}},{"start":{"line":76,"column":15},"end":{"line":76,"column":15}}]},"3":{"line":82,"type":"if","locations":[{"start":{"line":82,"column":15},"end":{"line":82,"column":15}},{"start":{"line":82,"column":15},"end":{"line":82,"column":15}}]},"4":{"line":88,"type":"if","locations":[{"start":{"line":88,"column":15},"end":{"line":88,"column":15}},{"start":{"line":88,"column":15},"end":{"line":88,"column":15}}]},"5":{"line":93,"type":"if","locations":[{"start":{"line":93,"column":8},"end":{"line":93,"column":8}},{"start":{"line":93,"column":8},"end":{"line":93,"column":8}}]},"6":{"line":94,"type":"if","locations":[{"start":{"line":94,"column":8},"end":{"line":94,"column":8}},{"start":{"line":94,"column":8},"end":{"line":94,"column":8}}]},"7":{"line":106,"type":"if","locations":[{"start":{"line":106,"column":8},"end":{"line":106,"column":8}},{"start":{"line":106,"column":8},"end":{"line":106,"column":8}}]},"8":{"line":118,"type":"if","locations":[{"start":{"line":118,"column":12},"end":{"line":118,"column":12}},{"start":{"line":118,"column":12},"end":{"line":118,"column":12}}]},"9":{"line":124,"type":"if","locations":[{"start":{"line":124,"column":16},"end":{"line":124,"column":16}},{"start":{"line":124,"column":16},"end":{"line":124,"column":16}}]},"10":{"line":132,"type":"if","locations":[{"start":{"line":132,"column":8},"end":{"line":132,"column":8}},{"start":{"line":132,"column":8},"end":{"line":132,"column":8}}]},"11":{"line":137,"type":"if","locations":[{"start":{"line":137,"column":8},"end":{"line":137,"column":8}},{"start":{"line":137,"column":8},"end":{"line":137,"column":8}}]},"12":{"line":142,"type":"if","locations":[{"start":{"line":142,"column":8},"end":{"line":142,"column":8}},{"start":{"line":142,"column":8},"end":{"line":142,"column":8}}]},"13":{"line":147,"type":"if","locations":[{"start":{"line":147,"column":8},"end":{"line":147,"column":8}},{"start":{"line":147,"column":8},"end":{"line":147,"column":8}}]},"14":{"line":152,"type":"if","locations":[{"start":{"line":152,"column":8},"end":{"line":152,"column":8}},{"start":{"line":152,"column":8},"end":{"line":152,"column":8}}]},"15":{"line":157,"type":"if","locations":[{"start":{"line":157,"column":8},"end":{"line":157,"column":8}},{"start":{"line":157,"column":8},"end":{"line":157,"column":8}}]},"16":{"line":161,"type":"if","locations":[{"start":{"line":161,"column":8},"end":{"line":161,"column":8}},{"start":{"line":161,"column":8},"end":{"line":161,"column":8}}]},"17":{"line":169,"type":"if","locations":[{"start":{"line":169,"column":24},"end":{"line":169,"column":24}},{"start":{"line":169,"column":24},"end":{"line":169,"column":24}}]},"18":{"line":170,"type":"if","locations":[{"start":{"line":170,"column":8},"end":{"line":170,"column":8}},{"start":{"line":170,"column":8},"end":{"line":170,"column":8}}]},"19":{"line":178,"type":"if","locations":[{"start":{"line":178,"column":24},"end":{"line":178,"column":24}},{"start":{"line":178,"column":24},"end":{"line":178,"column":24}}]},"20":{"line":188,"type":"if","locations":[{"start":{"line":188,"column":8},"end":{"line":188,"column":8}},{"start":{"line":188,"column":8},"end":{"line":188,"column":8}}]},"21":{"line":190,"type":"if","locations":[{"start":{"line":190,"column":15},"end":{"line":190,"column":15}},{"start":{"line":190,"column":15},"end":{"line":190,"column":15}}]}}},"contracts/library/UserInfo.sol":{"l":{"39":21,"41":21,"45":21,"46":21,"47":21,"48":21},"path":"/Users/quanyan-y/Documents/ethereum/followme/contracts/library/UserInfo.sol","s":{"1":21,"2":21,"3":21,"4":21,"5":21},"b":{"1":[21,0]},"f":{"1":21},"fnMap":{"1":{"name":"increasePendingReward","line":32,"loc":{"start":{"line":32,"column":4},"end":{"line":49,"column":4}}}},"statementMap":{"1":{"start":{"line":39,"column":8},"end":{"line":39,"column":43}},"2":{"start":{"line":41,"column":8},"end":{"line":41,"column":850}},"3":{"start":{"line":45,"column":8},"end":{"line":45,"column":73}},"4":{"start":{"line":47,"column":8},"end":{"line":47,"column":50}},"5":{"start":{"line":48,"column":8},"end":{"line":48,"column":30}}},"branchMap":{"1":{"line":45,"type":"if","locations":[{"start":{"line":45,"column":55},"end":{"line":45,"column":60}},{"start":{"line":45,"column":64},"end":{"line":45,"column":72}}]}}},"contracts/Mine.sol":{"l":{"53":15,"54":15,"55":15,"56":15,"57":15,"58":15,"65":11,"68":11,"69":11,"72":11,"73":11,"79":8,"82":8,"83":8,"86":8,"87":8,"91":2,"92":1,"93":1,"95":1,"99":4,"101":4,"106":3,"113":2,"117":2,"121":2,"131":2,"138":1,"139":1,"143":1,"144":1,"145":1,"149":1,"151":1,"152":1,"153":1,"156":1,"157":1,"166":1,"169":1,"172":1,"173":1,"174":1,"182":1,"184":1,"190":3,"191":2,"195":1,"196":1,"200":23,"201":20,"204":3,"205":3,"214":2,"215":2,"216":2,"217":2,"221":2,"225":2,"227":2,"229":2,"231":2,"232":2,"234":2,"235":0,"236":0,"237":0,"239":2,"241":2,"242":2,"245":2,"246":1,"247":1,"248":1,"249":1,"250":1},"path":"/Users/quanyan-y/Documents/ethereum/followme/contracts/Mine.sol","s":{"1":15,"2":15,"3":11,"4":8,"5":2,"6":1,"7":1,"8":4,"9":4,"10":3,"11":2,"12":2,"13":2,"14":1,"15":1,"16":1,"17":1,"18":1,"19":1,"20":1,"21":1,"22":1,"23":1,"24":1,"25":1,"26":1,"27":1,"28":1,"29":3,"30":2,"31":1,"32":23,"33":20,"34":3,"35":3,"36":2,"37":2,"38":2,"39":2,"40":2,"41":2,"42":2,"43":2,"44":2,"45":2,"46":1,"47":1},"b":{"1":[15,0],"2":[11,0],"3":[8,0],"4":[2,1],"5":[1,1],"6":[1,0],"7":[1,0],"8":[4,1],"9":[4,0],"10":[3,1],"11":[2,1],"12":[2,1],"13":[1,1],"14":[20,3],"15":[18,2],"16":[2,0],"17":[0,2],"18":[1,1]},"f":{"1":15,"2":11,"3":8,"4":2,"5":4,"6":1,"7":1,"8":3,"9":23,"10":2,"11":2},"fnMap":{"1":{"name":"initialize","line":52,"loc":{"start":{"line":47,"column":4},"end":{"line":59,"column":4}}},"2":{"name":"addPowerDelegate","line":64,"loc":{"start":{"line":61,"column":4},"end":{"line":74,"column":4}}},"3":{"name":"clearPowerDelegate","line":78,"loc":{"start":{"line":76,"column":4},"end":{"line":88,"column":4}}},"4":{"name":"setMineEnable","line":90,"loc":{"start":{"line":90,"column":4},"end":{"line":96,"column":4}}},"5":{"name":"initLiquidity","line":98,"loc":{"start":{"line":98,"column":4},"end":{"line":132,"column":4}}},"6":{"name":"_getMaxOutput","line":134,"loc":{"start":{"line":134,"column":4},"end":{"line":140,"column":4}}},"7":{"name":"_pendingAccountPerShare","line":142,"loc":{"start":{"line":142,"column":4},"end":{"line":187,"column":4}}},"8":{"name":"updateAccountPerShare","line":189,"loc":{"start":{"line":189,"column":4},"end":{"line":197,"column":4}}},"9":{"name":"earned","line":199,"loc":{"start":{"line":199,"column":4},"end":{"line":209,"column":4}}},"10":{"name":"_rewardTokenPerCurrency","line":211,"loc":{"start":{"line":211,"column":4},"end":{"line":218,"column":4}}},"11":{"name":"takeReward","line":220,"loc":{"start":{"line":220,"column":4},"end":{"line":252,"column":4}}}},"statementMap":{"1":{"start":{"line":53,"column":8},"end":{"line":53,"column":33}},"2":{"start":{"line":54,"column":8},"end":{"line":54,"column":37}},"3":{"start":{"line":65,"column":8},"end":{"line":65,"column":53}},"4":{"start":{"line":79,"column":8},"end":{"line":79,"column":53}},"5":{"start":{"line":91,"column":8},"end":{"line":91,"column":54}},"6":{"start":{"line":92,"column":8},"end":{"line":92,"column":63}},"7":{"start":{"line":93,"column":8},"end":{"line":93,"column":50}},"8":{"start":{"line":99,"column":8},"end":{"line":99,"column":53}},"9":{"start":{"line":101,"column":8},"end":{"line":101,"column":3349}},"10":{"start":{"line":106,"column":8},"end":{"line":106,"column":3479}},"11":{"start":{"line":113,"column":8},"end":{"line":113,"column":3679}},"12":{"start":{"line":117,"column":8},"end":{"line":117,"column":3797}},"13":{"start":{"line":121,"column":8},"end":{"line":121,"column":3919}},"14":{"start":{"line":138,"column":8},"end":{"line":138,"column":72}},"15":{"start":{"line":139,"column":8},"end":{"line":139,"column":25}},"16":{"start":{"line":143,"column":8},"end":{"line":143,"column":74}},"17":{"start":{"line":144,"column":8},"end":{"line":144,"column":78}},"18":{"start":{"line":145,"column":8},"end":{"line":145,"column":4769}},"19":{"start":{"line":149,"column":8},"end":{"line":149,"column":78}},"20":{"start":{"line":151,"column":8},"end":{"line":151,"column":51}},"21":{"start":{"line":156,"column":8},"end":{"line":156,"column":75}},"22":{"start":{"line":157,"column":8},"end":{"line":157,"column":5248}},"23":{"start":{"line":166,"column":8},"end":{"line":166,"column":77}},"24":{"start":{"line":169,"column":8},"end":{"line":169,"column":5651}},"25":{"start":{"line":172,"column":8},"end":{"line":172,"column":63}},"26":{"start":{"line":173,"column":8},"end":{"line":173,"column":55}},"27":{"start":{"line":174,"column":8},"end":{"line":174,"column":5852}},"28":{"start":{"line":182,"column":8},"end":{"line":182,"column":73}},"29":{"start":{"line":190,"column":8},"end":{"line":190,"column":65}},"30":{"start":{"line":191,"column":8},"end":{"line":191,"column":6393}},"31":{"start":{"line":195,"column":8},"end":{"line":195,"column":32}},"32":{"start":{"line":200,"column":8},"end":{"line":200,"column":6669}},"33":{"start":{"line":201,"column":12},"end":{"line":201,"column":20}},"34":{"start":{"line":204,"column":8},"end":{"line":204,"column":54}},"35":{"start":{"line":205,"column":8},"end":{"line":205,"column":6831}},"36":{"start":{"line":214,"column":8},"end":{"line":214,"column":48}},"37":{"start":{"line":217,"column":8},"end":{"line":217,"column":58}},"38":{"start":{"line":221,"column":8},"end":{"line":221,"column":7338}},"39":{"start":{"line":225,"column":8},"end":{"line":225,"column":54}},"40":{"start":{"line":229,"column":8},"end":{"line":229,"column":7566}},"41":{"start":{"line":231,"column":8},"end":{"line":231,"column":74}},"42":{"start":{"line":232,"column":8},"end":{"line":232,"column":7745}},"43":{"start":{"line":234,"column":8},"end":{"line":234,"column":7823}},"44":{"start":{"line":239,"column":12},"end":{"line":239,"column":8012}},"45":{"start":{"line":245,"column":8},"end":{"line":245,"column":8180}},"46":{"start":{"line":249,"column":12},"end":{"line":249,"column":55}},"47":{"start":{"line":250,"column":12},"end":{"line":250,"column":65}}},"branchMap":{"1":{"line":52,"type":"if","locations":[{"start":{"line":52,"column":13},"end":{"line":52,"column":13}},{"start":{"line":52,"column":13},"end":{"line":52,"column":13}}]},"2":{"line":64,"type":"if","locations":[{"start":{"line":64,"column":15},"end":{"line":64,"column":15}},{"start":{"line":64,"column":15},"end":{"line":64,"column":15}}]},"3":{"line":78,"type":"if","locations":[{"start":{"line":78,"column":15},"end":{"line":78,"column":15}},{"start":{"line":78,"column":15},"end":{"line":78,"column":15}}]},"4":{"line":90,"type":"if","locations":[{"start":{"line":90,"column":38},"end":{"line":90,"column":38}},{"start":{"line":90,"column":38},"end":{"line":90,"column":38}}]},"5":{"line":91,"type":"if","locations":[{"start":{"line":91,"column":8},"end":{"line":91,"column":8}},{"start":{"line":91,"column":8},"end":{"line":91,"column":8}}]},"6":{"line":92,"type":"if","locations":[{"start":{"line":92,"column":8},"end":{"line":92,"column":8}},{"start":{"line":92,"column":8},"end":{"line":92,"column":8}}]},"7":{"line":93,"type":"if","locations":[{"start":{"line":93,"column":8},"end":{"line":93,"column":8}},{"start":{"line":93,"column":8},"end":{"line":93,"column":8}}]},"8":{"line":98,"type":"if","locations":[{"start":{"line":98,"column":38},"end":{"line":98,"column":38}},{"start":{"line":98,"column":38},"end":{"line":98,"column":38}}]},"9":{"line":99,"type":"if","locations":[{"start":{"line":99,"column":8},"end":{"line":99,"column":8}},{"start":{"line":99,"column":8},"end":{"line":99,"column":8}}]},"10":{"line":101,"type":"if","locations":[{"start":{"line":101,"column":8},"end":{"line":101,"column":8}},{"start":{"line":101,"column":8},"end":{"line":101,"column":8}}]},"11":{"line":106,"type":"if","locations":[{"start":{"line":106,"column":8},"end":{"line":106,"column":8}},{"start":{"line":106,"column":8},"end":{"line":106,"column":8}}]},"12":{"line":190,"type":"if","locations":[{"start":{"line":190,"column":8},"end":{"line":190,"column":8}},{"start":{"line":190,"column":8},"end":{"line":190,"column":8}}]},"13":{"line":191,"type":"if","locations":[{"start":{"line":191,"column":8},"end":{"line":191,"column":8}},{"start":{"line":191,"column":8},"end":{"line":191,"column":8}}]},"14":{"line":200,"type":"if","locations":[{"start":{"line":200,"column":8},"end":{"line":200,"column":8}},{"start":{"line":200,"column":8},"end":{"line":200,"column":8}}]},"15":{"line":200,"type":"cond-expr","locations":[{"start":{"line":200,"column":12},"end":{"line":200,"column":41}},{"start":{"line":200,"column":46},"end":{"line":200,"column":60}}]},"16":{"line":221,"type":"if","locations":[{"start":{"line":221,"column":8},"end":{"line":221,"column":8}},{"start":{"line":221,"column":8},"end":{"line":221,"column":8}}]},"17":{"line":234,"type":"if","locations":[{"start":{"line":234,"column":8},"end":{"line":234,"column":8}},{"start":{"line":234,"column":8},"end":{"line":234,"column":8}}]},"18":{"line":245,"type":"if","locations":[{"start":{"line":245,"column":8},"end":{"line":245,"column":8}},{"start":{"line":245,"column":8},"end":{"line":245,"column":8}}]}}},"contracts/Nodes.sol":{"l":{"34":21,"35":21,"36":21,"41":21,"42":21,"43":3,"45":18,"52":7,"53":7,"54":7,"55":6,"56":6,"57":6,"58":6,"61":7,"68":10,"71":10,"72":10,"75":10,"76":10,"77":10,"79":10,"83":4,"84":3,"85":3},"path":"/Users/quanyan-y/Documents/ethereum/followme/contracts/Nodes.sol","s":{"1":21,"2":21,"3":21,"4":21,"5":3,"6":18,"7":7,"8":7,"9":7,"10":6,"11":7,"12":10,"13":10,"14":4,"15":3},"b":{"1":[21,0],"2":[3,18],"3":[6,1],"4":[10,0],"5":[3,1]},"f":{"1":21,"2":21,"3":7,"4":10,"5":4},"fnMap":{"1":{"name":"initialize","line":33,"loc":{"start":{"line":30,"column":4},"end":{"line":37,"column":4}}},"2":{"name":"earned","line":40,"loc":{"start":{"line":40,"column":4},"end":{"line":49,"column":4}}},"3":{"name":"takeReward","line":51,"loc":{"start":{"line":51,"column":4},"end":{"line":62,"column":4}}},"4":{"name":"setNoderPowerDelegate","line":67,"loc":{"start":{"line":64,"column":4},"end":{"line":80,"column":4}}},"5":{"name":"distrubutionReward","line":82,"loc":{"start":{"line":82,"column":4},"end":{"line":86,"column":4}}}},"statementMap":{"1":{"start":{"line":34,"column":8},"end":{"line":34,"column":33}},"2":{"start":{"line":35,"column":8},"end":{"line":35,"column":37}},"3":{"start":{"line":41,"column":8},"end":{"line":41,"column":54}},"4":{"start":{"line":42,"column":8},"end":{"line":42,"column":1464}},"5":{"start":{"line":43,"column":12},"end":{"line":43,"column":20}},"6":{"start":{"line":45,"column":8},"end":{"line":45,"column":1535}},"7":{"start":{"line":52,"column":8},"end":{"line":52,"column":54}},"8":{"start":{"line":53,"column":8},"end":{"line":53,"column":41}},"9":{"start":{"line":54,"column":8},"end":{"line":54,"column":1810}},"10":{"start":{"line":58,"column":12},"end":{"line":58,"column":55}},"11":{"start":{"line":61,"column":8},"end":{"line":61,"column":61}},"12":{"start":{"line":68,"column":8},"end":{"line":68,"column":54}},"13":{"start":{"line":79,"column":8},"end":{"line":79,"column":47}},"14":{"start":{"line":83,"column":8},"end":{"line":83,"column":51}},"15":{"start":{"line":84,"column":8},"end":{"line":84,"column":70}}},"branchMap":{"1":{"line":33,"type":"if","locations":[{"start":{"line":33,"column":13},"end":{"line":33,"column":13}},{"start":{"line":33,"column":13},"end":{"line":33,"column":13}}]},"2":{"line":42,"type":"if","locations":[{"start":{"line":42,"column":8},"end":{"line":42,"column":8}},{"start":{"line":42,"column":8},"end":{"line":42,"column":8}}]},"3":{"line":54,"type":"if","locations":[{"start":{"line":54,"column":8},"end":{"line":54,"column":8}},{"start":{"line":54,"column":8},"end":{"line":54,"column":8}}]},"4":{"line":67,"type":"if","locations":[{"start":{"line":67,"column":15},"end":{"line":67,"column":15}},{"start":{"line":67,"column":15},"end":{"line":67,"column":15}}]},"5":{"line":83,"type":"if","locations":[{"start":{"line":83,"column":8},"end":{"line":83,"column":8}},{"start":{"line":83,"column":8},"end":{"line":83,"column":8}}]}}},"contracts/Random.sol":{"l":{"12":39,"13":39,"21":127,"34":127},"path":"/Users/quanyan-y/Documents/ethereum/followme/contracts/Random.sol","s":{"1":39,"2":127},"b":{"1":[39,0]},"f":{"1":39,"2":127,"3":127},"fnMap":{"1":{"name":"initialize","line":11,"loc":{"start":{"line":11,"column":4},"end":{"line":18,"column":4}}},"2":{"name":"seed","line":20,"loc":{"start":{"line":20,"column":4},"end":{"line":31,"column":4}}},"3":{"name":"update","line":33,"loc":{"start":{"line":33,"column":4},"end":{"line":35,"column":4}}}},"statementMap":{"1":{"start":{"line":12,"column":8},"end":{"line":12,"column":33}},"2":{"start":{"line":21,"column":8},"end":{"line":21,"column":628}}},"branchMap":{"1":{"line":11,"type":"if","locations":[{"start":{"line":11,"column":33},"end":{"line":11,"column":33}},{"start":{"line":11,"column":33},"end":{"line":11,"column":33}}]}}},"contracts/Week.sol":{"l":{"40":9,"41":9,"42":9,"44":9,"45":9,"46":9,"50":1,"60":2,"62":2,"63":2,"64":20,"73":3,"74":3,"77":3,"84":1,"87":1,"88":1,"90":1,"92":1,"93":10,"94":10,"95":1,"97":9,"98":9,"99":1,"101":1,"103":7,"106":9,"107":9,"111":1,"112":1,"122":199,"124":199,"126":199,"128":199,"129":199,"130":199,"133":199,"134":199,"136":199,"137":199,"138":1577,"139":98,"140":98,"144":199,"154":1011,"155":163,"164":556,"167":163,"168":163},"path":"/Users/quanyan-y/Documents/ethereum/followme/contracts/Week.sol","s":{"1":9,"2":9,"3":9,"4":1,"5":2,"6":2,"7":3,"8":3,"9":3,"10":1,"11":1,"12":1,"13":1,"14":10,"15":10,"16":9,"17":9,"18":8,"19":9,"20":1,"21":1,"22":199,"23":199,"24":199,"25":199,"26":199,"27":199,"28":199,"29":199,"30":1577,"31":199,"32":1011,"33":163},"b":{"1":[9,1],"2":[3,0],"3":[1,2],"4":[1,9],"5":[1,8],"6":[1,7],"7":[1,0],"8":[199,1],"9":[199,0],"10":[98,1479],"11":[163,848]},"f":{"1":9,"2":1,"3":2,"4":3,"5":199},"fnMap":{"1":{"name":"initialize","line":39,"loc":{"start":{"line":35,"column":4},"end":{"line":47,"column":4}}},"2":{"name":"currentIndex","line":49,"loc":{"start":{"line":49,"column":4},"end":{"line":51,"column":4}}},"3":{"name":"topAddressInfoAtEpoch","line":53,"loc":{"start":{"line":53,"column":4},"end":{"line":66,"column":4}}},"4":{"name":"distrubtionAtEpoch","line":72,"loc":{"start":{"line":70,"column":4},"end":{"line":114,"column":4}}},"5":{"name":"depositedDelegate","line":120,"loc":{"start":{"line":116,"column":4},"end":{"line":172,"column":4}}}},"statementMap":{"1":{"start":{"line":40,"column":8},"end":{"line":40,"column":33}},"2":{"start":{"line":41,"column":8},"end":{"line":41,"column":31}},"3":{"start":{"line":42,"column":8},"end":{"line":42,"column":37}},"4":{"start":{"line":50,"column":8},"end":{"line":50,"column":58}},"5":{"start":{"line":60,"column":8},"end":{"line":60,"column":67}},"6":{"start":{"line":63,"column":8},"end":{"line":63,"column":2099}},"7":{"start":{"line":73,"column":8},"end":{"line":73,"column":79}},"8":{"start":{"line":74,"column":8},"end":{"line":74,"column":67}},"9":{"start":{"line":77,"column":8},"end":{"line":77,"column":2684}},"10":{"start":{"line":87,"column":8},"end":{"line":87,"column":55}},"11":{"start":{"line":88,"column":8},"end":{"line":88,"column":45}},"12":{"start":{"line":90,"column":8},"end":{"line":90,"column":63}},"13":{"start":{"line":92,"column":8},"end":{"line":92,"column":3144}},"14":{"start":{"line":93,"column":12},"end":{"line":93,"column":55}},"15":{"start":{"line":94,"column":12},"end":{"line":94,"column":3276}},"16":{"start":{"line":97,"column":12},"end":{"line":97,"column":30}},"17":{"start":{"line":98,"column":12},"end":{"line":98,"column":3389}},"18":{"start":{"line":100,"column":19},"end":{"line":100,"column":3482}},"19":{"start":{"line":107,"column":12},"end":{"line":107,"column":44}},"20":{"start":{"line":111,"column":8},"end":{"line":111,"column":3814}},"21":{"start":{"line":112,"column":12},"end":{"line":112,"column":67}},"22":{"start":{"line":122,"column":8},"end":{"line":122,"column":72}},"23":{"start":{"line":124,"column":8},"end":{"line":124,"column":61}},"24":{"start":{"line":128,"column":8},"end":{"line":128,"column":4341}},"25":{"start":{"line":129,"column":12},"end":{"line":129,"column":69}},"26":{"start":{"line":130,"column":12},"end":{"line":130,"column":4512}},"27":{"start":{"line":134,"column":12},"end":{"line":134,"column":49}},"28":{"start":{"line":136,"column":12},"end":{"line":136,"column":40}},"29":{"start":{"line":137,"column":12},"end":{"line":137,"column":4709}},"30":{"start":{"line":138,"column":16},"end":{"line":138,"column":4781}},"31":{"start":{"line":144,"column":12},"end":{"line":144,"column":4932}},"32":{"start":{"line":154,"column":16},"end":{"line":154,"column":5222}},"33":{"start":{"line":155,"column":20},"end":{"line":155,"column":5292}}},"branchMap":{"1":{"line":39,"type":"if","locations":[{"start":{"line":39,"column":13},"end":{"line":39,"column":13}},{"start":{"line":39,"column":13},"end":{"line":39,"column":13}}]},"2":{"line":72,"type":"if","locations":[{"start":{"line":72,"column":15},"end":{"line":72,"column":15}},{"start":{"line":72,"column":15},"end":{"line":72,"column":15}}]},"3":{"line":77,"type":"if","locations":[{"start":{"line":77,"column":8},"end":{"line":77,"column":8}},{"start":{"line":77,"column":8},"end":{"line":77,"column":8}}]},"4":{"line":94,"type":"if","locations":[{"start":{"line":94,"column":12},"end":{"line":94,"column":12}},{"start":{"line":94,"column":12},"end":{"line":94,"column":12}}]},"5":{"line":98,"type":"if","locations":[{"start":{"line":98,"column":12},"end":{"line":98,"column":12}},{"start":{"line":98,"column":12},"end":{"line":98,"column":12}}]},"6":{"line":100,"type":"if","locations":[{"start":{"line":100,"column":19},"end":{"line":100,"column":19}},{"start":{"line":100,"column":19},"end":{"line":100,"column":19}}]},"7":{"line":111,"type":"if","locations":[{"start":{"line":111,"column":8},"end":{"line":111,"column":8}},{"start":{"line":111,"column":8},"end":{"line":111,"column":8}}]},"8":{"line":120,"type":"if","locations":[{"start":{"line":120,"column":24},"end":{"line":120,"column":24}},{"start":{"line":120,"column":24},"end":{"line":120,"column":24}}]},"9":{"line":128,"type":"if","locations":[{"start":{"line":128,"column":8},"end":{"line":128,"column":8}},{"start":{"line":128,"column":8},"end":{"line":128,"column":8}}]},"10":{"line":138,"type":"if","locations":[{"start":{"line":138,"column":16},"end":{"line":138,"column":16}},{"start":{"line":138,"column":16},"end":{"line":138,"column":16}}]},"11":{"line":154,"type":"if","locations":[{"start":{"line":154,"column":16},"end":{"line":154,"column":16}},{"start":{"line":154,"column":16},"end":{"line":154,"column":16}}]}}}}